build/app/outputs/mapping/release/usage.txt
com.example.alsafwa.R$id
com.example.alsafwa.R$styleable
com.example.alsafwa.R$integer
com.example.alsafwa.R$attr
com.example.alsafwa.R$layout
com.example.alsafwa.R$drawable
com.example.alsafwa.R$string
com.example.alsafwa.R$style
com.example.alsafwa.R$dimen
com.example.alsafwa.BuildConfig
com.example.alsafwa.R
com.example.alsafwa.R$mipmap
com.example.alsafwa.R$color
...
com.google.common.collect.ImmutableRangeSet$ComplementRanges
com.google.common.graph.MapIteratorCache$1
io.flutter.embedding.android.DrawableSplashScreen$DrawableSplashScreenView:
    public void <init>(android.content.Context,android.util.AttributeSet)
kotlin.SuccessOrFailureKt
com.google.common.collect.Maps$FilteredEntrySortedMap
com.google.common.cache.LocalCache$Strength$2
androidx.collection.ContainerHelpers:
    public static int idealIntArraySize(int)
    public static int idealLongArraySize(int)
    public static int idealByteArraySize(int)
    static int binarySearch(long[],int,long)
    private void <init>()
kotlin.jvm.JvmStatic
com.google.common.collect.DiscreteDomain
com.google.common.eventbus.SubscriberRegistry$2
kotlin.sequences.SequencesKt
kotlin.coroutines.experimental.migration.ExperimentalSuspendFunction1Migration
kotlin.text.MatcherMatchResult
com.google.common.cache.LocalCache$EntryFactory$6
androidx.core.R$styleable
androidx.core.view.ViewCompat$ScrollAxis
com.google.common.collect.Multimaps$TransformedEntriesMultimap
androidx.annotation.HalfFloat
com.google.common.util.concurrent.Service$State$2
com.google.common.collect.Multimaps$AsMap$EntrySet$1
com.google.common.collect.Range$LowerBoundFn
kotlin.collections.UByteIterator
androidx.viewpager.widget.PagerTabStrip
com.google.common.collect.AbstractMapEntry
com.google.common.primitives.package-info
io.flutter.plugins.sharedpreferences.SharedPreferencesPlugin:
    public static void registerWith(io.flutter.plugin.common.PluginRegistry$Registrar)
    private static final java.lang.String CHANNEL_NAME
com.google.common.collect.AbstractMapBasedMultimap$NavigableAsMap
com.google.common.collect.ContiguousSet
com.google.common.base.PairwiseEquivalence
kotlin.jvm.internal.TypeReference
com.google.common.cache.LongAddable
com.google.common.eventbus.Dispatcher$ImmediateDispatcher
kotlin.sequences.SequencesKt__SequencesKt$flatten$3
androidx.annotation.LayoutRes
com.google.common.util.concurrent.FuturesGetChecked$GetCheckedTypeValidatorHolder$ClassValueValidator$1
com.google.common.collect.AbstractTable$Values
androidx.core.graphics.PathParser$ExtractFloatResult
com.google.common.collect.TreeTraverser$2
kotlin.reflect.KCallable
kotlin.KotlinVersion$Companion
io.flutter.plugin.editing.FlutterTextUtils:
    public static final int LINE_FEED
    public static final int CARRIAGE_RETURN
    public static final int COMBINING_ENCLOSING_KEYCAP
    public static final int CANCEL_TAG
    public static final int ZERO_WIDTH_JOINER
com.google.common.base.CharMatcher$JavaUpperCase
com.google.common.base.Enums
androidx.core.provider.FontsContractCompat$4$3
com.google.common.primitives.Chars$CharArrayAsList
androidx.core.app.RemoteActionCompat:
    public void <init>(androidx.core.graphics.drawable.IconCompat,java.lang.CharSequence,java.lang.CharSequence,android.app.PendingIntent)
    public void <init>(androidx.core.app.RemoteActionCompat)
    public static androidx.core.app.RemoteActionCompat createFromRemoteAction(android.app.RemoteAction)
    public void setEnabled(boolean)
    public boolean isEnabled()
    public void setShouldShowIcon(boolean)
    public boolean shouldShowIcon()
    public androidx.core.graphics.drawable.IconCompat getIcon()
    public java.lang.CharSequence getTitle()
    public java.lang.CharSequence getContentDescription()
    public android.app.PendingIntent getActionIntent()
    public android.app.RemoteAction toRemoteAction()
androidx.core.graphics.BitmapCompat
com.google.common.collect.Lists$RandomAccessPartition
androidx.core.provider.SelfDestructiveThread
io.flutter.embedding.engine.deferredcomponents.PlayStoreDeferredComponentManager
com.google.common.collect.MultimapBuilder$TreeSetSupplier